[2020-08-16 18:49:55]:[damon] login repeat
[2020-08-16 18:53:33]:[damon] login success
[2020-08-16 18:54:40]:[damon2] login success
[2020-08-16 18:55:29]:[damon2] login repeat
[2020-08-16 19:03:35]:[damon2] login repeat
[2020-08-16 19:04:10]:[damon2] login repeat
[2020-08-17 17:55:43]:[Damon] login success
[2020-08-17 17:56:27]:[Damon] login success
[2020-08-17 17:56:55]:[Damon] login success
[2020-08-17 17:59:24]:[Damon] login success
[2020-08-17 17:59:57]:[Damon] login success
[2020-08-17 18:06:10]:[Damon] login success
[2020-08-17 18:10:27]:[Damon] login success
[2020-08-17 18:15:32]:[Damon] login success
[2020-08-17 18:16:02]:[Damon] login success
[2020-08-17 18:19:55]:[damon] login success
[2020-08-17 18:20:12]:[damon] login success
[2020-08-17 18:20:29]:[damon] login success
[2020-08-17 18:22:05]:[damon] login success
[2020-08-17 18:31:10]:[damon] login success
[2020-08-17 18:31:10]:[damon] login success
[2020-08-17 18:31:44]:[damon] login success
[2020-08-17 18:31:44]:[damon] login success
[2020-08-17 18:32:14]:[damon] login success
[2020-08-17 18:32:14]:[damon] login success
[2020-08-17 18:32:38]:[damon] login success
[2020-08-17 18:32:38]:[damon] login success
[2020-08-17 18:33:24]:[damon] login success
[2020-08-17 18:33:24]:[damon] login success
[2020-08-17 18:35:30]:[damon] login success
[2020-08-17 18:35:30]:[damon] login success
[2020-08-17 18:36:24]:[damon] login success
[2020-08-17 18:36:24]:[damon] login success
[2020-08-17 18:37:41]:[damon] login success
[2020-08-17 18:37:41]:[damon] login success
[2020-08-17 18:49:22]:[damon] login success
[2020-08-17 18:49:51]:[damon] login success
[2020-08-17 18:51:16]:[damon] login success
[2020-08-17 18:51:56]:[damon] login success
[2020-08-17 18:52:43]:[damon] login success
[2020-08-17 18:53:12]:[damon] login success
[2020-08-17 18:54:00]:[damon] login success
[2020-08-17 18:54:29]:[damon] login success
[2020-08-17 18:55:40]:[damon] login success
[2020-08-17 18:56:19]:[damon] login success
[2020-08-17 18:56:46]:[damon] login success
[2020-08-17 18:57:07]:[damon] login success
[2020-08-17 18:58:46]:[damon] login success
[2020-08-17 18:59:07]:[damon] login success
[2020-08-17 19:00:54]:[damon] login success
[2020-08-17 19:01:10]:[damon] login success
[2020-08-17 19:01:54]:[damon] login success
[2020-08-17 19:04:05]:[damon] login success
[2020-08-17 19:04:36]:[damon] login success
[2020-08-17 19:08:07]:[damon] login success
[2020-08-17 19:26:41]:[damon] login success
[2020-08-17 19:28:30]:[damon] login success
[2020-08-17 19:29:13]:[damon] login success
[2020-08-17 19:29:18]:[damon] login success
[2020-08-17 19:30:05]:[damon] login success
[2020-08-17 19:30:10]:[damon] login repeat
[2020-08-17 19:31:37]:[damon] login success
[2020-08-17 19:31:42]:[damon] login repeat
[2020-08-17 19:34:55]:[damon] login success
[2020-08-17 19:34:55]:[damon] login repeat
[2020-08-17 19:35:22]:[damon] login success
[2020-08-17 19:35:22]:[damon] login repeat
